<?xml version="1.0" encoding="UTF-8"?>
<testng-results skipped="0" failed="0" total="2" passed="2">
  <reporter-output>
  </reporter-output>
  <suite name="Default suite" duration-ms="30402" started-at="2022-02-01T04:10:21Z" finished-at="2022-02-01T04:10:51Z">
    <groups>
    </groups>
    <test name="Default test" duration-ms="30402" started-at="2022-02-01T04:10:21Z" finished-at="2022-02-01T04:10:51Z">
      <class name="testng.WebDriverTest">
        <test-method status="PASS" signature="openApplication()[pri:0, instance:testng.WebDriverTest@146ba0ac]" name="openApplication" is-config="true" duration-ms="22241" started-at="2022-02-01T09:40:21Z" finished-at="2022-02-01T09:40:43Z">
          <reporter-output>
          </reporter-output>
        </test-method> <!-- openApplication -->
        <test-method status="PASS" signature="login()[pri:0, instance:testng.WebDriverTest@146ba0ac]" name="login" duration-ms="7880" started-at="2022-02-01T09:40:43Z" finished-at="2022-02-01T09:40:51Z">
          <reporter-output>
          </reporter-output>
        </test-method> <!-- login -->
        <test-method status="PASS" signature="logout()[pri:0, instance:testng.WebDriverTest@146ba0ac]" name="logout" duration-ms="171" started-at="2022-02-01T09:40:51Z" finished-at="2022-02-01T09:40:51Z">
          <reporter-output>
          </reporter-output>
        </test-method> <!-- logout -->
        <test-method status="PASS" signature="closeApplication()[pri:0, instance:testng.WebDriverTest@146ba0ac]" name="closeApplication" is-config="true" duration-ms="23" started-at="2022-02-01T09:40:51Z" finished-at="2022-02-01T09:40:51Z">
          <reporter-output>
          </reporter-output>
        </test-method> <!-- closeApplication -->
      </class> <!-- testng.WebDriverTest -->
    </test> <!-- Default test -->
  </suite> <!-- Default suite -->
</testng-results>
