<?xml version="1.0" encoding="UTF-8"?>
<!-- Generated by org.testng.reporters.JUnitXMLReporter -->
<testsuite hostname="ALIPL5119" name="Grouping test" tests="3" failures="0" timestamp="22 Jan 2022 04:03:04 GMT" time="0.079" errors="0">
  <testcase name="smokeTest1" time="0.025" classname="testng.GroupTest"/>
  <testcase name="smokeTest2" time="0.008" classname="testng.GroupTest"/>
  <testcase name="smokeTest3" time="0.002" classname="testng.GroupTest"/>
</testsuite> <!-- Grouping test -->
