<?xml version="1.0" encoding="UTF-8"?>
<testng-results skipped="0" failed="0" ignored="0" total="1" passed="1">
  <reporter-output>
  </reporter-output>
  <suite name="Suite" duration-ms="27117" started-at="2022-01-31T04:25:13Z" finished-at="2022-01-31T04:25:40Z">
    <groups>
    </groups>
    <test name="Test" duration-ms="27117" started-at="2022-01-31T04:25:13Z" finished-at="2022-01-31T04:25:40Z">
      <class name="maven.Sample">
        <test-method status="PASS" signature="loginHrms()[pri:0, instance:maven.Sample@46d56d67]" name="loginHrms" duration-ms="27075" started-at="2022-01-31T09:55:13Z" finished-at="2022-01-31T09:55:40Z">
          <reporter-output>
          </reporter-output>
        </test-method> <!-- loginHrms -->
      </class> <!-- maven.Sample -->
    </test> <!-- Test -->
  </suite> <!-- Suite -->
</testng-results>
