<?xml version="1.0" encoding="UTF-8"?>
<!-- Generated by org.testng.reporters.JUnitXMLReporter -->
<testsuite hostname="ALIPL5119" name="failure" tests="3" failures="1" timestamp="25 Jan 2022 04:25:28 GMT" time="0.063" errors="0">
  <testcase name="test1" time="0.026" classname="testng.TestCase1"/>
  <testcase name="test1" time="0.002" classname="testng.TestCase2">
    <failure type="java.lang.AssertionError" message="expected [true] but found [false]">
      <![CDATA[java.lang.AssertionError: expected [true] but found [false]
	at testng.TestCase2.test1(TestCase2.java:10)
... Removed 28 stack frames]]>
    </failure>
  </testcase> <!-- test1 -->
  <testcase name="test1" time="0.001" classname="testng.TestCase3"/>
</testsuite> <!-- failure -->
