<?xml version="1.0" encoding="UTF-8"?>
<testng-results skipped="0" failed="0" ignored="0" total="1" passed="1">
  <reporter-output>
  </reporter-output>
  <suite name="Suite" duration-ms="48961" started-at="2022-02-04T04:36:26Z" finished-at="2022-02-04T04:37:15Z">
    <groups>
    </groups>
    <test name="Test" duration-ms="48961" started-at="2022-02-04T04:36:26Z" finished-at="2022-02-04T04:37:15Z">
      <class name="maven.Sample">
        <test-method status="PASS" signature="loginHrms()[pri:0, instance:maven.Sample@60f82f98]" name="loginHrms" duration-ms="48935" started-at="2022-02-04T10:06:26Z" finished-at="2022-02-04T10:07:15Z">
          <reporter-output>
          </reporter-output>
        </test-method> <!-- loginHrms -->
      </class> <!-- maven.Sample -->
    </test> <!-- Test -->
  </suite> <!-- Suite -->
</testng-results>
