<?xml version="1.0" encoding="UTF-8"?>
<!-- Generated by org.testng.reporters.JUnitXMLReporter -->
<testsuite hostname="ALIPL5119" name="Sample test " tests="4" failures="0" timestamp="21 Jan 2022 04:29:23 GMT" time="15.191" errors="0">
  <testcase name="login" time="3.765" classname="testng.WebDriverTest"/>
  <testcase name="logout" time="0.137" classname="testng.WebDriverTest"/>
  <testcase name="test" time="0.001" classname="testng.BasicProgram"/>
  <testcase name="test2" time="0.001" classname="testng.BasicProgram"/>
</testsuite> <!-- Sample test  -->
